<?xml version="1.0" encoding="UTF-8"?>
<testsuite xmlns:xsi="http://www.w3.org/2001/XMLSchema-instance" xsi:noNamespaceSchemaLocation="https://maven.apache.org/surefire/maven-surefire-plugin/xsd/surefire-test-report.xsd" name="com.mic4126.AppTest" time="0.512" tests="1" errors="0" skipped="0" failures="0">
  <properties>
    <property name="sun.desktop" value="windows"/>
    <property name="awt.toolkit" value="sun.awt.windows.WToolkit"/>
    <property name="java.specification.version" value="11"/>
    <property name="sun.cpu.isalist" value="amd64"/>
    <property name="sun.jnu.encoding" value="MS950"/>
    <property name="java.class.path" value="D:\parent_class_bug\target\test-classes;D:\parent_class_bug\target\classes;C:\Users\klungchan\.m2\repository\org\testng\testng\6.8\testng-6.8.jar;C:\Users\klungchan\.m2\repository\junit\junit\4.10\junit-4.10.jar;C:\Users\klungchan\.m2\repository\org\hamcrest\hamcrest-core\1.1\hamcrest-core-1.1.jar;C:\Users\klungchan\.m2\repository\org\beanshell\bsh\2.0b4\bsh-2.0b4.jar;C:\Users\klungchan\.m2\repository\com\beust\jcommander\1.27\jcommander-1.27.jar;C:\Users\klungchan\.m2\repository\org\yaml\snakeyaml\1.6\snakeyaml-1.6.jar;"/>
    <property name="java.vm.vendor" value="Red Hat, Inc."/>
    <property name="sun.arch.data.model" value="64"/>
    <property name="user.variant" value=""/>
    <property name="java.vendor.url" value="https://access.redhat.com/"/>
    <property name="user.timezone" value="Asia/Shanghai"/>
    <property name="java.vm.specification.version" value="11"/>
    <property name="os.name" value="Windows 10"/>
    <property name="sun.java.launcher" value="SUN_STANDARD"/>
    <property name="user.country" value="HK"/>
    <property name="sun.boot.library.path" value="D:\jdk11.0\bin"/>
    <property name="sun.java.command" value="C:\Users\KLUNGC~2\AppData\Local\Temp\surefire13541589691860692893\surefirebooter7953735731033651263.jar C:\Users\klungchan\AppData\Local\Temp\surefire13541589691860692893 2021-06-01T12-17-12_383-jvmRun1 surefire12790002220806245255tmp surefire_012852024731732131568tmp"/>
    <property name="jdk.debug" value="release"/>
    <property name="test" value="AppTest"/>
    <property name="surefire.test.class.path" value="D:\parent_class_bug\target\test-classes;D:\parent_class_bug\target\classes;C:\Users\klungchan\.m2\repository\org\testng\testng\6.8\testng-6.8.jar;C:\Users\klungchan\.m2\repository\junit\junit\4.10\junit-4.10.jar;C:\Users\klungchan\.m2\repository\org\hamcrest\hamcrest-core\1.1\hamcrest-core-1.1.jar;C:\Users\klungchan\.m2\repository\org\beanshell\bsh\2.0b4\bsh-2.0b4.jar;C:\Users\klungchan\.m2\repository\com\beust\jcommander\1.27\jcommander-1.27.jar;C:\Users\klungchan\.m2\repository\org\yaml\snakeyaml\1.6\snakeyaml-1.6.jar;"/>
    <property name="sun.cpu.endian" value="little"/>
    <property name="user.home" value="C:\Users\klungchan"/>
    <property name="user.language" value="zh"/>
    <property name="java.specification.vendor" value="Oracle Corporation"/>
    <property name="java.version.date" value="2020-07-14"/>
    <property name="java.home" value="D:\jdk11.0"/>
    <property name="file.separator" value="\"/>
    <property name="basedir" value="D:\parent_class_bug"/>
    <property name="java.vm.compressedOopsMode" value="Zero based"/>
    <property name="line.separator" value="&#10;"/>
    <property name="java.specification.name" value="Java Platform API Specification"/>
    <property name="java.vm.specification.vendor" value="Oracle Corporation"/>
    <property name="java.awt.graphicsenv" value="sun.awt.Win32GraphicsEnvironment"/>
    <property name="surefire.real.class.path" value="C:\Users\KLUNGC~2\AppData\Local\Temp\surefire13541589691860692893\surefirebooter7953735731033651263.jar"/>
    <property name="user.script" value=""/>
    <property name="sun.management.compiler" value="HotSpot 64-Bit Tiered Compilers"/>
    <property name="java.runtime.version" value="11.0.8+10-LTS"/>
    <property name="user.name" value="KLungChan"/>
    <property name="path.separator" value=";"/>
    <property name="os.version" value="10.0"/>
    <property name="java.runtime.name" value="OpenJDK Runtime Environment"/>
    <property name="file.encoding" value="MS950"/>
    <property name="java.vm.name" value="OpenJDK 64-Bit Server VM"/>
    <property name="java.vendor.version" value="18.9"/>
    <property name="localRepository" value="C:\Users\klungchan\.m2\repository"/>
    <property name="java.vendor.url.bug" value="https://bugzilla.redhat.com/enter_bug.cgi"/>
    <property name="java.io.tmpdir" value="C:\Users\KLUNGC~2\AppData\Local\Temp\"/>
    <property name="java.version" value="11.0.8"/>
    <property name="user.dir" value="D:\parent_class_bug"/>
    <property name="os.arch" value="amd64"/>
    <property name="java.vm.specification.name" value="Java Virtual Machine Specification"/>
    <property name="java.awt.printerjob" value="sun.awt.windows.WPrinterJob"/>
    <property name="sun.os.patch.level" value=""/>
    <property name="java.library.path" value="D:\jdk11.0\bin;C:\windows\Sun\Java\bin;C:\windows\system32;C:\windows;C:\windows\system32;C:\windows;C:\windows\System32\Wbem;C:\windows\System32\WindowsPowerShell\v1.0\;C:\windows\System32\OpenSSH\;D:\Software\apache-maven-3.6.3-bin\apache-maven-3.6.3\bin\;D:\jdk11.0\bin\;D:\Software\node-v12.13.1-win-x64\;D:\Software\VSCode\bin;D:\Software\WindowsTerminal;C:\Program Files (x86)\GitExtensions\;C:\Program Files\Git\cmd;D:\Software\rclone;C:\Users\klungchan\AppData\Local\Microsoft\WindowsApps;;C:\Users\klungchan\AppData\Local\Programs\Microsoft VS Code\bin;C:\Users\klungchan\AppData\Local\Programs\Fiddler;."/>
    <property name="java.vm.info" value="mixed mode"/>
    <property name="java.vendor" value="Red Hat, Inc."/>
    <property name="java.vm.version" value="11.0.8+10-LTS"/>
    <property name="sun.io.unicode.encoding" value="UnicodeLittle"/>
    <property name="java.class.version" value="55.0"/>
  </properties>
  <testcase name="test_one" classname="com.mic4126.AppTest" time="0.007"/>
</testsuite>