<?xml version="1.0" encoding="UTF-8"?>
<!-- Generated by org.testng.reporters.JUnitReportReporter -->
<testsuite hostname="BVDA01147" failures="0" tests="1" name="com.mic4126.AppTest" time="0.007" errors="0" timestamp="1 Jun 2021 04:17:13 GMT">
  <testcase classname="com.mic4126.AppTest" name="test_one" time="0.007"/>
</testsuite> <!-- com.mic4126.AppTest -->
